0 info it worked if it ends with ok
1 verbose cli [ '/Users/jamesstewart/.nvm/versions/node/v5.6.0/bin/node',
1 verbose cli   '/Users/jamesstewart/.nvm/versions/node/v5.6.0/bin/npm',
1 verbose cli   'run',
1 verbose cli   'debug' ]
2 info using npm@4.0.2
3 info using node@v5.6.0
4 verbose run-script [ 'predebug', 'debug', 'postdebug' ]
5 info lifecycle node-test@0.0.0~predebug: node-test@0.0.0
6 silly lifecycle node-test@0.0.0~predebug: no script for predebug, continuing
7 info lifecycle node-test@0.0.0~debug: node-test@0.0.0
8 verbose lifecycle node-test@0.0.0~debug: unsafe-perm in lifecycle true
9 verbose lifecycle node-test@0.0.0~debug: PATH: /Users/jamesstewart/.nvm/versions/node/v5.6.0/lib/node_modules/npm/bin/node-gyp-bin:/Users/jamesstewart/Documents/code/projects/grow-tests/node-test/node_modules/.bin:/Users/jamesstewart/.rvm/gems/ruby-2.3.0/bin:/Users/jamesstewart/.rvm/gems/ruby-2.3.0@global/bin:/Users/jamesstewart/.rvm/rubies/ruby-2.3.0/bin:/Users/jamesstewart/.nvm/versions/node/v5.6.0/bin:/Users/jamesstewart/Library/Android/sdk/platform-tools:/usr/local/heroku/bin:/usr/bin:/bin:/usr/sbin:/sbin:/usr/local/bin:/usr/X11/bin:/Users/jamesstewart/bin:/Users/jamesstewart/.rvm/bin
10 verbose lifecycle node-test@0.0.0~debug: CWD: /Users/jamesstewart/Documents/code/projects/grow-tests/node-test
11 silly lifecycle node-test@0.0.0~debug: Args: [ '-c', 'DEBUG=myapp:* npm start' ]
12 silly lifecycle node-test@0.0.0~debug: Returned: code: 1  signal: null
13 info lifecycle node-test@0.0.0~debug: Failed to exec debug script
14 verbose stack Error: node-test@0.0.0 debug: `DEBUG=myapp:* npm start`
14 verbose stack Exit status 1
14 verbose stack     at EventEmitter.<anonymous> (/Users/jamesstewart/.nvm/versions/node/v5.6.0/lib/node_modules/npm/lib/utils/lifecycle.js:279:16)
14 verbose stack     at emitTwo (events.js:100:13)
14 verbose stack     at EventEmitter.emit (events.js:185:7)
14 verbose stack     at ChildProcess.<anonymous> (/Users/jamesstewart/.nvm/versions/node/v5.6.0/lib/node_modules/npm/lib/utils/spawn.js:40:14)
14 verbose stack     at emitTwo (events.js:100:13)
14 verbose stack     at ChildProcess.emit (events.js:185:7)
14 verbose stack     at maybeClose (internal/child_process.js:827:16)
14 verbose stack     at Process.ChildProcess._handle.onexit (internal/child_process.js:211:5)
15 verbose pkgid node-test@0.0.0
16 verbose cwd /Users/jamesstewart/Documents/code/projects/grow-tests/node-test
17 error Darwin 14.5.0
18 error argv "/Users/jamesstewart/.nvm/versions/node/v5.6.0/bin/node" "/Users/jamesstewart/.nvm/versions/node/v5.6.0/bin/npm" "run" "debug"
19 error node v5.6.0
20 error npm  v4.0.2
21 error code ELIFECYCLE
22 error node-test@0.0.0 debug: `DEBUG=myapp:* npm start`
22 error Exit status 1
23 error Failed at the node-test@0.0.0 debug script 'DEBUG=myapp:* npm start'.
23 error Make sure you have the latest version of node.js and npm installed.
23 error If you do, this is most likely a problem with the node-test package,
23 error not with npm itself.
23 error Tell the author that this fails on your system:
23 error     DEBUG=myapp:* npm start
23 error You can get information on how to open an issue for this project with:
23 error     npm bugs node-test
23 error Or if that isn't available, you can get their info via:
23 error     npm owner ls node-test
23 error There is likely additional logging output above.
24 verbose exit [ 1, true ]
